<?xml version="1.0" encoding="UTF-8"?>
<!-- Generated by org.testng.reporters.JUnitReportReporter -->
<testsuite skipped="0" hostname="HANUMA-O6S338O" name="temp.demo_dataprovider" tests="5" failures="0" timestamp="01 May 2020 14:49:56 GMT" time="0.019" errors="0">
  <testcase name="testDataProviderExcel" time="0.002" classname="temp.demo_dataprovider"/>
  <testcase name="testDataProviderExcel" time="0.012" classname="temp.demo_dataprovider"/>
  <testcase name="testDataProviderExcel" time="0.002" classname="temp.demo_dataprovider"/>
  <testcase name="testDataProviderExcel" time="0.001" classname="temp.demo_dataprovider"/>
  <testcase name="testDataProviderExcel" time="0.002" classname="temp.demo_dataprovider"/>
</testsuite> <!-- temp.demo_dataprovider -->
